<?xml version="1.0" encoding="UTF-8"?>
<testsuites>
  <testsuite name="fastlane.lanes">
    
      
      <testcase classname="fastlane.lanes" name="0: Switch to apps_log lane" time="0.000339">
        
      </testcase>
    
      
      <testcase classname="fastlane.lanes" name="1: prompt" time="9.144432">
        
      </testcase>
    
      
      <testcase classname="fastlane.lanes" name="2: git_pull" time="0.573029">
        
      </testcase>
    
      
      <testcase classname="fastlane.lanes" name="3: Switch to apps_crash lane" time="0.000578">
        
      </testcase>
    
      
      <testcase classname="fastlane.lanes" name="4: increment_build_number" time="1.45638">
        
      </testcase>
    
      
      <testcase classname="fastlane.lanes" name="5: xcarchive" time="1.153522">
        
          <failure message="/usr/local/lib/fastlane_lib/bundle/lib/ruby/gems/2.2.0/gems/fastlane-1.110.0/lib/fastlane/actions/actions_helper.rb:33:in `execute_action'&#10;/usr/local/lib/fastlane_lib/bundle/lib/ruby/gems/2.2.0/gems/fastlane-1.110.0/lib/fastlane/runner.rb:187:in `block in execute_action'&#10;/usr/local/lib/fastlane_lib/bundle/lib/ruby/gems/2.2.0/gems/fastlane-1.110.0/lib/fastlane/runner.rb:186:in `chdir'&#10;/usr/local/lib/fastlane_lib/bundle/lib/ruby/gems/2.2.0/gems/fastlane-1.110.0/lib/fastlane/runner.rb:186:in `execute_action'&#10;/usr/local/lib/fastlane_lib/bundle/lib/ruby/gems/2.2.0/gems/fastlane-1.110.0/lib/fastlane/runner.rb:112:in `trigger_action_by_name'&#10;/usr/local/lib/fastlane_lib/bundle/lib/ruby/gems/2.2.0/gems/fastlane-1.110.0/lib/fastlane/fast_file.rb:146:in `method_missing'&#10;Fastfile:67:in `block in parsing_binding'&#10;/usr/local/lib/fastlane_lib/bundle/lib/ruby/gems/2.2.0/gems/fastlane-1.110.0/lib/fastlane/lane.rb:33:in `call'&#10;/usr/local/lib/fastlane_lib/bundle/lib/ruby/gems/2.2.0/gems/fastlane-1.110.0/lib/fastlane/lane.rb:33:in `call'&#10;/usr/local/lib/fastlane_lib/bundle/lib/ruby/gems/2.2.0/gems/fastlane-1.110.0/lib/fastlane/runner.rb:165:in `try_switch_to_lane'&#10;/usr/local/lib/fastlane_lib/bundle/lib/ruby/gems/2.2.0/gems/fastlane-1.110.0/lib/fastlane/runner.rb:120:in `trigger_action_by_name'&#10;/usr/local/lib/fastlane_lib/bundle/lib/ruby/gems/2.2.0/gems/fastlane-1.110.0/lib/fastlane/fast_file.rb:146:in `method_missing'&#10;Fastfile:28:in `block in parsing_binding'&#10;/usr/local/lib/fastlane_lib/bundle/lib/ruby/gems/2.2.0/gems/fastlane-1.110.0/lib/fastlane/lane.rb:33:in `call'&#10;/usr/local/lib/fastlane_lib/bundle/lib/ruby/gems/2.2.0/gems/fastlane-1.110.0/lib/fastlane/lane.rb:33:in `call'&#10;/usr/local/lib/fastlane_lib/bundle/lib/ruby/gems/2.2.0/gems/fastlane-1.110.0/lib/fastlane/runner.rb:49:in `block in execute'&#10;/usr/local/lib/fastlane_lib/bundle/lib/ruby/gems/2.2.0/gems/fastlane-1.110.0/lib/fastlane/runner.rb:45:in `chdir'&#10;/usr/local/lib/fastlane_lib/bundle/lib/ruby/gems/2.2.0/gems/fastlane-1.110.0/lib/fastlane/runner.rb:45:in `execute'&#10;/usr/local/lib/fastlane_lib/bundle/lib/ruby/gems/2.2.0/gems/fastlane-1.110.0/lib/fastlane/lane_manager.rb:52:in `cruise_lane'&#10;/usr/local/lib/fastlane_lib/bundle/lib/ruby/gems/2.2.0/gems/fastlane-1.110.0/lib/fastlane/command_line_handler.rb:30:in `handle'&#10;/usr/local/lib/fastlane_lib/bundle/lib/ruby/gems/2.2.0/gems/fastlane-1.110.0/lib/fastlane/commands_generator.rb:95:in `block (2 levels) in run'&#10;/usr/local/lib/fastlane_lib/bundle/lib/ruby/gems/2.2.0/gems/commander-4.4.0/lib/commander/command.rb:178:in `call'&#10;/usr/local/lib/fastlane_lib/bundle/lib/ruby/gems/2.2.0/gems/commander-4.4.0/lib/commander/command.rb:178:in `call'&#10;/usr/local/lib/fastlane_lib/bundle/lib/ruby/gems/2.2.0/gems/commander-4.4.0/lib/commander/command.rb:153:in `run'&#10;/usr/local/lib/fastlane_lib/bundle/lib/ruby/gems/2.2.0/gems/commander-4.4.0/lib/commander/runner.rb:444:in `run_active_command'&#10;/usr/local/lib/fastlane_lib/bundle/lib/ruby/gems/2.2.0/gems/fastlane_core-0.56.0/lib/fastlane_core/ui/fastlane_runner.rb:38:in `run!'&#10;/usr/local/lib/fastlane_lib/bundle/lib/ruby/gems/2.2.0/gems/commander-4.4.0/lib/commander/delegates.rb:15:in `run!'&#10;/usr/local/lib/fastlane_lib/bundle/lib/ruby/gems/2.2.0/gems/fastlane-1.110.0/lib/fastlane/commands_generator.rb:292:in `run'&#10;/usr/local/lib/fastlane_lib/bundle/lib/ruby/gems/2.2.0/gems/fastlane-1.110.0/lib/fastlane/commands_generator.rb:36:in `start'&#10;/usr/local/lib/fastlane_lib/bundle/lib/ruby/gems/2.2.0/gems/fastlane-1.110.0/lib/fastlane/cli_tools_distributor.rb:58:in `take_off'&#10;/usr/local/lib/fastlane_lib/bundle/lib/ruby/gems/2.2.0/gems/fastlane-1.110.0/bin/fastlane:5:in `&lt;top (required)&gt;'&#10;/usr/local/lib/fastlane_lib/bundle/bin/fastlane:22:in `load'&#10;/usr/local/lib/fastlane_lib/bundle/bin/fastlane:22:in `&lt;main&gt;'&#10;&#10;Exit status of command 'set -o pipefail &amp;&amp; xcodebuild archive -workspace &quot;DemoIUT.xcworkspace&quot; -archivePath &quot;.xcarchive&quot; | tee '/Users/iem/Library/Logs/fastlane/xcbuild/2016-12-09/41831/xcodebuild.log' | xcpretty --color --simple' was 64 instead of 0.&#10;xcodebuild: error: The flag -scheme is required when specifying -archivePath but not -exportArchive.&#10;xcodebuild: error: If you specify a workspace then you must also specify a scheme.  Use -list to see the schemes in this workspace.&#10;" />
        
      </testcase>
    
  </testsuite>
</testsuites>
